<?xml version="1.0" encoding="UTF-8"?>
<testsuite xmlns:xsi="http://www.w3.org/2001/XMLSchema-instance" xsi:noNamespaceSchemaLocation="https://maven.apache.org/surefire/maven-surefire-plugin/xsd/surefire-test-report-3.0.xsd" version="3.0" name="com.example.XsdToPojo.XsdToPojoApplicationTests" time="2.063" tests="1" errors="0" skipped="0" failures="0">
  <properties>
[...]
</properties>
  <testcase name="contextLoads" classname="com.example.XsdToPojo.XsdToPojoApplicationTests" time="0.706">
    <system-out><![CDATA[22:26:00.372 [main] INFO org.springframework.test.context.support.AnnotationConfigContextLoaderUtils -- Could not detect default configuration classes for test class [com.example.XsdToPojo.XsdToPojoApplicationTests]: XsdToPojoApplicationTests does not declare any static, non-private, non-final, nested classes annotated with @Configuration.
22:26:00.442 [main] INFO org.springframework.boot.test.context.SpringBootTestContextBootstrapper -- Found @SpringBootConfiguration com.example.XsdToPojo.XsdToPojoApplication for test class com.example.XsdToPojo.XsdToPojoApplicationTests

  .   ____          _            __ _ _
 /\\ / ___'_ __ _ _(_)_ __  __ _ \ \ \ \
( ( )\___ | '_ | '_| | '_ \/ _` | \ \ \ \
 \\/  ___)| |_)| | | | | || (_| |  ) ) ) )
  '  |____| .__|_| |_|_| |_\__, | / / / /
 =========|_|==============|___/=/_/_/_/
 :: Spring Boot ::                (v3.1.5)

2023-12-19T22:26:00.749+05:30  WARN 26948 --- [           main] ory$DuplicateJsonObjectContextCustomizer : 

Found multiple occurrences of org.json.JSONObject on the class path:

	jar:file:/C:/Users/Dell4/.m2/repository/com/vaadin/external/google/android-json/0.0.20131108.vaadin1/android-json-0.0.20131108.vaadin1.jar!/org/json/JSONObject.class
	jar:file:/C:/Users/Dell4/.m2/repository/org/json/json/20210307/json-20210307.jar!/org/json/JSONObject.class

You may wish to exclude one of them to ensure predictable runtime behavior

2023-12-19T22:26:00.763+05:30  INFO 26948 --- [           main] c.e.XsdToPojo.XsdToPojoApplicationTests  : Starting XsdToPojoApplicationTests using Java 17.0.8 with PID 26948 (started by Dell4 in E:\new\XsdToPojo4)
2023-12-19T22:26:00.763+05:30  INFO 26948 --- [           main] c.e.XsdToPojo.XsdToPojoApplicationTests  : No active profile set, falling back to 1 default profile: "default"
2023-12-19T22:26:01.573+05:30  INFO 26948 --- [           main] c.e.XsdToPojo.XsdToPojoApplicationTests  : Started XsdToPojoApplicationTests in 1.017 seconds (process running for 1.775)
]]></system-out>
  </testcase>
</testsuite>